<?xml version="1.0" encoding="UTF-8"?>
<!-- Generated by org.testng.reporters.JUnitXMLReporter -->
<testsuite hostname="Vector2012" ignored="0" name="My First TestNG suite test " tests="17" failures="0" timestamp="15 Aug 2018 02:48:52 GMT" time="37.291" errors="0">
  <testcase name="googleLogoTest" time="0.009" classname="com.TestNG.TestNGBasic"/>
  <testcase name="googleTitleTest" time="0.005" classname="com.TestNG.TestNGBasic"/>
  <testcase name="searchTest" time="0.001" classname="com.TestNG.TestNGBasic"/>
  <testcase name="googleLogoTest" time="0.251" classname="com.TestNG.GoogleTitleTest"/>
  <testcase name="googleTitleTest" time="0.032" classname="com.TestNG.GoogleTitleTest"/>
  <testcase name="loginTest" time="0.002" classname="com.TestNG.TestNGFeatures"/>
  <testcase name="test1" time="0.003" classname="com.TestNG.ExceptionTimeOutTest"/>
  <testcase name="sum" time="0.004" classname="com.TestNG.invocationCountTest"/>
  <testcase name="sum" time="0.004" classname="com.TestNG.invocationCountTest"/>
  <testcase name="sum" time="0.002" classname="com.TestNG.invocationCountTest"/>
  <testcase name="sum" time="0.003" classname="com.TestNG.invocationCountTest"/>
  <testcase name="sum" time="0.003" classname="com.TestNG.invocationCountTest"/>
  <testcase name="sum" time="0.002" classname="com.TestNG.invocationCountTest"/>
  <testcase name="sum" time="0.006" classname="com.TestNG.invocationCountTest"/>
  <testcase name="sum" time="0.003" classname="com.TestNG.invocationCountTest"/>
  <testcase name="sum" time="0.025" classname="com.TestNG.invocationCountTest"/>
  <testcase name="sum" time="0.049" classname="com.TestNG.invocationCountTest"/>
</testsuite> <!-- My First TestNG suite test  -->
